<?xml version="1.0" encoding="UTF-8"?>
<!-- Generated by org.testng.reporters.JUnitXMLReporter -->
<testsuite ignored="1" hostname="LAPTOP-SAD1NFF5" failures="0" tests="2" name="CarLoan" time="0.006" errors="0" timestamp="2025-03-12T07:56:31 IST">
  <testcase classname="test.day3Priority" name="APIlogincarLoan" time="0.001"/>
  <testcase classname="test.day3Priority" name="WeblogincarLoan" time="0.0"/>
  <testcase classname="test.day3Priority" name="MobilelogincarLoan" time="0.0">
    <ignored/>
  </testcase> <!-- MobilelogincarLoan -->
</testsuite> <!-- CarLoan -->
