<?xml version="1.0" encoding="UTF-8"?>
<!-- Generated by org.testng.reporters.JUnitXMLReporter -->
<testsuite ignored="0" hostname="LAPTOP-SAD1NFF5" failures="0" tests="3" name="Regression" time="0.067" errors="0" timestamp="2025-03-31T08:21:52 IST">
  <testcase classname="test.WithoutJava_Compiler" name="Demo" time="0.007"/>
  <testcase classname="test.WithoutJava_Compiler" name="Test2" time="0.001"/>
  <testcase classname="test.XML_Importance" name="Ploan" time="0.002"/>
</testsuite> <!-- Regression -->
