<?xml version="1.0" encoding="UTF-8"?>
<!-- Generated by org.testng.reporters.JUnitXMLReporter -->
<testsuite ignored="1" hostname="LAPTOP-SAD1NFF5" failures="2" tests="18" name="test" time="0.145" errors="0" timestamp="2025-04-01T07:41:55 IST">
  <testcase classname="test.Data_Provider" name="getValue" time="0.009"/>
  <testcase classname="test.Data_Provider" name="getValue" time="0.002"/>
  <testcase classname="test.Data_Provider" name="getValue" time="0.001"/>
  <testcase classname="test.day3Priority" name="APIlogincarLoan" time="0.001"/>
  <testcase classname="test.day3Priority" name="MobilelogincarLoan" time="0.0">
    <failure type="org.testng.TestNGException" message="
Method public void test.day3Priority.MobilelogincarLoan(java.lang.String,java.lang.String) requires a @DataProvider named : getData">
      <![CDATA[org.testng.TestNGException: 
Method public void test.day3Priority.MobilelogincarLoan(java.lang.String,java.lang.String) requires a @DataProvider named : getData
at java.base/java.util.ArrayList.forEach(ArrayList.java:1511)
... Removed 24 stack frames]]>
    </failure>
  </testcase> <!-- MobilelogincarLoan -->
  <testcase classname="test.day3Priority" name="WeblogincarLoan" time="0.002"/>
  <testcase classname="test.Day4" name="APIloginHomeLoan" time="0.001"/>
  <testcase classname="test.Day4" name="MobileSignin" time="0.002"/>
  <testcase classname="test.Day4" name="MobileSignout" time="0.002"/>
  <testcase classname="test.Day4" name="MobileloginHomeLoan" time="0.0">
    <failure type="org.testng.TestNGException" message="
Parameter &amp;apos;URL&amp;apos; is required by @Test on method MobileloginHomeLoan but has not been marked @Optional or defined
in C:\Users\SAGAR\eclipse-workspace\TestNG Tutorial\testng2.xml">
      <![CDATA[org.testng.TestNGException: 
Parameter 'URL' is required by @Test on method MobileloginHomeLoan but has not been marked @Optional or defined
in C:\Users\SAGAR\eclipse-workspace\TestNG Tutorial\testng2.xml
at java.base/java.util.ArrayList.forEach(ArrayList.java:1511)
... Removed 26 stack frames]]>
    </failure>
  </testcase> <!-- MobileloginHomeLoan -->
  <testcase classname="test.Day4" name="WebloginHomeLoan" time="0.001"/>
  <testcase classname="test.Dependency_Methods" name="Ra" time="0.001"/>
  <testcase classname="test.Dependency_Methods" name="zb" time="0.012"/>
  <testcase classname="test.Dependency_Methods" name="Cg" time="0.001"/>
  <testcase classname="test.WithoutJava_Compiler" name="Demo" time="0.004"/>
  <testcase classname="test.WithoutJava_Compiler" name="Test2" time="0.001"/>
  <testcase classname="test.WithoutJava_Compiler" name="Test3" time="0.002"/>
  <testcase classname="test.XML_Importance" name="Ploan" time="0.0"/>
  <testcase classname="test.Dependency_Methods" name="loan" time="0.0">
    <ignored/>
  </testcase> <!-- loan -->
</testsuite> <!-- test -->
