<?xml version="1.0" encoding="UTF-8"?>
<testng-results ignored="0" total="1" passed="1" failed="0" skipped="0">
  <reporter-output>
  </reporter-output>
  <suite started-at="2025-04-01T09:12:23 IST" name="Default suite" finished-at="2025-04-01T09:12:23 IST" duration-ms="66">
    <groups>
    </groups>
    <test started-at="2025-04-01T09:12:23 IST" name="Default test" finished-at="2025-04-01T09:12:23 IST" duration-ms="66">
      <class name="JavaConcept.PS1">
        <test-method signature="testRun()[pri:0, instance:JavaConcept.PS1@73ee04c8]" started-at="2025-04-01T09:12:23 IST" name="testRun" finished-at="2025-04-01T09:12:23 IST" duration-ms="13" status="PASS">
          <reporter-output>
          </reporter-output>
        </test-method> <!-- testRun -->
      </class> <!-- JavaConcept.PS1 -->
    </test> <!-- Default test -->
  </suite> <!-- Default suite -->
</testng-results>
