<?xml version="1.0" encoding="UTF-8"?>
<!-- Generated by org.testng.reporters.JUnitReportReporter -->
<testsuite hostname="LAPTOP-SAD1NFF5" failures="0" tests="3" name="test.Data_Provider" time="0.012" errors="0" timestamp="2025-04-01T07:41:55 IST" skipped="0">
  <testcase classname="test.Data_Provider" name="getValue" time="0.001"/>
  <system-out/>
  <testcase classname="test.Data_Provider" name="getValue" time="0.009"/>
  <system-out/>
  <testcase classname="test.Data_Provider" name="getValue" time="0.002"/>
  <system-out/>
</testsuite> <!-- test.Data_Provider -->
