<?xml version="1.0" encoding="UTF-8"?>
<!-- Generated by org.testng.reporters.JUnitReportReporter -->
<testsuite hostname="LAPTOP-SAD1NFF5" failures="0" tests="4" name="test.Dependency_Methods" time="0.014" errors="0" timestamp="2025-04-01T07:41:55 IST" skipped="1">
  <testcase classname="test.Dependency_Methods" name="zb" time="0.012"/>
  <system-out/>
  <testcase classname="test.Dependency_Methods" name="Cg" time="0.001"/>
  <system-out/>
  <testcase classname="test.Dependency_Methods" name="Ra" time="0.001"/>
  <system-out/>
  <testcase classname="test.Dependency_Methods" name="loan">
    <skipped/>
  </testcase> <!-- loan -->
  <system-out/>
</testsuite> <!-- test.Dependency_Methods -->
